#
# A fatal error has been detected by the Java Runtime Environment:
#
#  SIGSEGV (0xb) at pc=0x00000001101bf1b0, pid=7945, tid=16387
#
# JRE version: Java(TM) SE Runtime Environment (8.0_66-b17) (build 1.8.0_66-b17)
# Java VM: Java HotSpot(TM) 64-Bit Server VM (25.66-b17 mixed mode bsd-amd64 compressed oops)
# Problematic frame:
# V  [libjvm.dylib+0x4461b0]  Method::checked_resolve_jmethod_id(_jmethodID*)+0xe
#
# Failed to write core dump. Core dumps have been disabled. To enable core dumping, try "ulimit -c unlimited" before starting Java again
#
# If you would like to submit a bug report, please visit:
#   http://bugreport.java.com/bugreport/crash.jsp
#

---------------  T H R E A D  ---------------

Current thread (0x00007f9a52037000):  JavaThread "JDWP Transport Listener: dt_socket" daemon [_thread_in_vm, id=16387, stack(0x000000012dbae000,0x000000012dcae000)]

siginfo: si_signo: 11 (SIGSEGV), si_code: 0 (unknown), si_addr: 0x0000000000000000

Registers:
RAX=0x0000000000000001, RBX=0x000000012dcada8b, RCX=0x000000011058d310, RDX=0x000000012dcada8b
RSP=0x000000012dcad9d0, RBP=0x000000012dcad9e0, RSI=0x00007f9a52037000, RDI=0x8000000000000000
R8 =0x0000000000000000, R9 =0x00007f9a51f00000, R10=0x0000000000000010, R11=0x00007f9a51f00000
R12=0x00007f9a52037000, R13=0x8000000000000000, R14=0x8000000000000000, R15=0x00007f9a51e00140
RIP=0x00000001101bf1b0, EFLAGS=0x0000000000010286, ERR=0x0000000000000000
  TRAPNO=0x000000000000000d

Top of Stack: (sp=0x000000012dcad9d0)
0x000000012dcad9d0:   000000012dcada8b 000000012dcada8b
0x000000012dcad9e0:   000000012dcada40 00000001100ce2be
0x000000012dcad9f0:   00007f9a52037000 0000000000000000
0x000000012dcada00:   0000000000000000 0000000000000000
0x000000012dcada10:   00007f9a52037000 00007f9a52037000
0x000000012dcada20:   000000012dcada8b 000000012dcada90
0x000000012dcada30:   8000000000000000 0000000000000001
0x000000012dcada40:   000000012dcada60 0000000110e7d780
0x000000012dcada50:   0000000000000001 000000012dcadb08
0x000000012dcada60:   000000012dcadad0 0000000110e621f3
0x000000012dcada70:   000000012dcadaa0 00007f9a51f279a0
0x000000012dcada80:   0000000300000032 0000000100cadb08
0x000000012dcada90:   0000000000000000 0000000000000000
0x000000012dcadaa0:   0000000000000000 000000012dcadc90
0x000000012dcadab0:   0000000110e84e7a 00007f9a51f27b70
0x000000012dcadac0:   000000012dcadb08 0000000110e90598
0x000000012dcadad0:   000000012dcadae0 0000000110e622ec
0x000000012dcadae0:   000000012dcadd00 0000000110e6b898
0x000000012dcadaf0:   00000bd700000013 00000000000f0200
0x000000012dcadb00:   00007f9a51f27b90 000000012dcadb7d
0x000000012dcadb10:   00007f9a00000107 000000012dcadb20
0x000000012dcadb20:   00007f9a00000025 000000012dcadb58
0x000000012dcadb30:   0000000000000000 0000000000000000
0x000000012dcadb40:   00000bd70000000f 0000000000000080
0x000000012dcadb50:   000000012dcadb58 9a7f000003000000
0x000000012dcadb60:   0600000080d2e251 00003e74696e693c
0x000000012dcadb70:   0000005629280300 0000000100000000
0x000000012dcadb80:   0000000000000000 000000326e020000
0x000000012dcadb90:   0000000000004401 0000020000000800
0x000000012dcadba0:   000a010000000100 00c0adf1519a7f00
0x000000012dcadbb0:   6c43746567080000 2813000000737361
0x000000012dcadbc0:   6c2f6176616a4c29 73616c432f676e61 

Instructions: (pc=0x00000001101bf1b0)
0x00000001101bf190:   40 48 48 85 c0 75 e0 30 c0 0f b6 c0 5d c3 31 c0
0x00000001101bf1a0:   5d c3 55 48 89 e5 53 48 83 ec 08 48 85 ff 74 24
0x00000001101bf1b0:   48 8b 1f 48 85 db 74 1c 48 83 fb 37 74 16 48 8b
0x00000001101bf1c0:   03 48 89 df ff 50 10 84 c0 b8 00 00 00 00 48 0f 

Register to memory mapping:

RAX=0x0000000000000001 is an unknown value
RBX=0x000000012dcada8b is pointing into the stack for thread: 0x00007f9a52037000
RCX=0x000000011058d310: UseMembar+0 in /Library/Java/JavaVirtualMachines/jdk1.8.0_66.jdk/Contents/Home/jre/lib/server/libjvm.dylib at 0x000000010fd79000
RDX=0x000000012dcada8b is pointing into the stack for thread: 0x00007f9a52037000
RSP=0x000000012dcad9d0 is pointing into the stack for thread: 0x00007f9a52037000
RBP=0x000000012dcad9e0 is pointing into the stack for thread: 0x00007f9a52037000
RSI=0x00007f9a52037000 is a thread
RDI=0x8000000000000000 is an unknown value
R8 =0x0000000000000000 is an unknown value
R9 =0x00007f9a51f00000 is an unknown value
R10=0x0000000000000010 is an unknown value
R11=0x00007f9a51f00000 is an unknown value
R12=0x00007f9a52037000 is a thread
R13=0x8000000000000000 is an unknown value
R14=0x8000000000000000 is an unknown value
R15=0x00007f9a51e00140 is an unknown value


Stack: [0x000000012dbae000,0x000000012dcae000],  sp=0x000000012dcad9d0,  free space=1022k
Native frames: (J=compiled Java code, j=interpreted, Vv=VM code, C=native code)
V  [libjvm.dylib+0x4461b0]  Method::checked_resolve_jmethod_id(_jmethodID*)+0xe
V  [libjvm.dylib+0x3552be]  jvmti_IsMethodSynthetic+0xb2
C  [libjdwp.dylib+0x20780]  isMethodSynthetic+0x63
C  [libjdwp.dylib+0x51f3]  methods1+0x10b
C  [libjdwp.dylib+0x52ec]  methodsWithGeneric+0xe
C  [libjdwp.dylib+0xe898]  debugLoop_run+0x1ce
C  [libjdwp.dylib+0x1f6ba]  attachThread+0x4d
V  [libjvm.dylib+0x39661c]  JvmtiAgentThread::call_start_function()+0x38
V  [libjvm.dylib+0x560b83]  JavaThread::thread_main_inner()+0x9b
V  [libjvm.dylib+0x56227e]  JavaThread::run()+0x1c2
V  [libjvm.dylib+0x482cd6]  java_start(Thread*)+0xf6
C  [libsystem_pthread.dylib+0x405a]  _pthread_body+0x83
C  [libsystem_pthread.dylib+0x3fd7]  _pthread_body+0x0
C  [libsystem_pthread.dylib+0x13ed]  thread_start+0xd
C  0x0000000000000000


---------------  P R O C E S S  ---------------

Java Threads: ( => current thread )
  0x00007f9a52826800 JavaThread "Service Thread" daemon [_thread_blocked, id=19459, stack(0x000000012e1c0000,0x000000012e2c0000)]
  0x00007f9a52826000 JavaThread "C1 CompilerThread2" daemon [_thread_blocked, id=18947, stack(0x000000012e0bd000,0x000000012e1bd000)]
  0x00007f9a5303c000 JavaThread "C2 CompilerThread1" daemon [_thread_blocked, id=18435, stack(0x000000012dfba000,0x000000012e0ba000)]
  0x00007f9a52038800 JavaThread "C2 CompilerThread0" daemon [_thread_blocked, id=17923, stack(0x000000012deb7000,0x000000012dfb7000)]
  0x00007f9a5283b800 JavaThread "JDWP Command Reader" daemon [_thread_in_native, id=17411, stack(0x000000012ddb4000,0x000000012deb4000)]
  0x00007f9a52037800 JavaThread "JDWP Event Helper Thread" daemon [_thread_blocked, id=16899, stack(0x000000012dcb1000,0x000000012ddb1000)]
=>0x00007f9a52037000 JavaThread "JDWP Transport Listener: dt_socket" daemon [_thread_in_vm, id=16387, stack(0x000000012dbae000,0x000000012dcae000)]
  0x00007f9a52010000 JavaThread "Signal Dispatcher" daemon [_thread_blocked, id=15899, stack(0x000000012daa4000,0x000000012dba4000)]
  0x00007f9a5280f800 JavaThread "Finalizer" daemon [_thread_blocked, id=11523, stack(0x000000012c11d000,0x000000012c21d000)]
  0x00007f9a5280f000 JavaThread "Reference Handler" daemon [_thread_blocked, id=11011, stack(0x000000012c01a000,0x000000012c11a000)]
  0x00007f9a52804000 JavaThread "main" [_thread_blocked, id=3331, stack(0x0000000110d00000,0x0000000110e00000)]

Other Threads:
  0x00007f9a53806000 VMThread [stack: 0x000000012bf17000,0x000000012c017000] [id=10499]
  0x00007f9a52817800 WatcherThread [stack: 0x000000012e2c3000,0x000000012e3c3000] [id=19971]

VM state:not at safepoint (normal execution)

VM Mutex/Monitor currently owned by a thread: None

Heap:
 PSYoungGen      total 76288K, used 6554K [0x000000076ab00000, 0x0000000770000000, 0x00000007c0000000)
  eden space 65536K, 10% used [0x000000076ab00000,0x000000076b166b60,0x000000076eb00000)
  from space 10752K, 0% used [0x000000076f580000,0x000000076f580000,0x0000000770000000)
  to   space 10752K, 0% used [0x000000076eb00000,0x000000076eb00000,0x000000076f580000)
 ParOldGen       total 175104K, used 0K [0x00000006c0000000, 0x00000006cab00000, 0x000000076ab00000)
  object space 175104K, 0% used [0x00000006c0000000,0x00000006c0000000,0x00000006cab00000)
 Metaspace       used 3487K, capacity 4638K, committed 4864K, reserved 1056768K
  class space    used 396K, capacity 458K, committed 512K, reserved 1048576K

Card table byte_map: [0x0000000120bc0000,0x00000001213c1000] byte_map_base: 0x000000011d5c0000

Marking Bits: (ParMarkBitMap*) 0x0000000110656e20
 Begin Bits: [0x0000000121c20000, 0x0000000125c20000)
 End Bits:   [0x0000000125c20000, 0x0000000129c20000)

Polling page: 0x0000000110e45000

CodeCache: size=245760Kb used=1144Kb max_used=1144Kb free=244615Kb
 bounds [0x0000000111800000, 0x0000000111a70000, 0x0000000120800000]
 total_blobs=331 nmethods=85 adapters=169
 compilation: enabled

Compilation events (10 events):
Event: 0.377 Thread 0x00007f9a52826000   35       3       java.util.Arrays::copyOf (19 bytes)
Event: 0.377 Thread 0x00007f9a52826000 nmethod 35 0x00000001119151d0 code [0x0000000111915360, 0x0000000111915688]
Event: 0.377 Thread 0x00007f9a52826000   36       1       java.util.ArrayList::size (5 bytes)
Event: 0.377 Thread 0x00007f9a52826000 nmethod 36 0x00000001119157d0 code [0x0000000111915920, 0x0000000111915a30]
Event: 0.377 Thread 0x00007f9a52826000   37       3       java.lang.String::startsWith (72 bytes)
Event: 0.377 Thread 0x00007f9a52826000 nmethod 37 0x0000000111915a90 code [0x0000000111915c00, 0x0000000111915f50]
Event: 0.382 Thread 0x00007f9a52826000   38       3       java.lang.AbstractStringBuilder::<init> (12 bytes)
Event: 0.382 Thread 0x00007f9a52826000 nmethod 38 0x0000000111916150 code [0x00000001119162c0, 0x0000000111916510]
Event: 0.383 Thread 0x00007f9a52826000   39       3       java.lang.String::startsWith (7 bytes)
Event: 0.384 Thread 0x00007f9a52826000 nmethod 39 0x00000001119165d0 code [0x0000000111916740, 0x0000000111916968]

GC Heap History (0 events):
No events

Deoptimization events (0 events):
No events

Internal exceptions (4 events):
Event: 0.118 Thread 0x00007f9a52804000 Exception <a 'java/lang/NoSuchMethodError': Method sun.misc.Unsafe.defineClass(Ljava/lang/String;[BII)Ljava/lang/Class; name or signature does not match> (0x000000076ab12f10) thrown at [/HUDSON3/workspace/8-2-build-macosx-x86_64/jdk8u66/4988/hotspot/src/s
Event: 0.118 Thread 0x00007f9a52804000 Exception <a 'java/lang/NoSuchMethodError': Method sun.misc.Unsafe.prefetchRead(Ljava/lang/Object;J)V name or signature does not match> (0x000000076ab131f8) thrown at [/HUDSON3/workspace/8-2-build-macosx-x86_64/jdk8u66/4988/hotspot/src/share/vm/prims/jni.
Event: 21.088 Thread 0x00007f9a52804000 Exception <a 'java/lang/NoSuchFieldError': method resolution failed> (0x000000076b055c00) thrown at [/HUDSON3/workspace/8-2-build-macosx-x86_64/jdk8u66/4988/hotspot/src/share/vm/prims/methodHandles.cpp, line 1146]
Event: 21.126 Thread 0x00007f9a52804000 Exception <a 'java/lang/NoSuchFieldError': method resolution failed> (0x000000076b063000) thrown at [/HUDSON3/workspace/8-2-build-macosx-x86_64/jdk8u66/4988/hotspot/src/share/vm/prims/methodHandles.cpp, line 1146]

Events (10 events):
Event: 41.088 Executing VM operation: GetOrSetLocal
Event: 41.088 Executing VM operation: GetOrSetLocal done
Event: 143.581 Executing VM operation: ChangeBreakpoints
Event: 143.581 Executing VM operation: ChangeBreakpoints done
Event: 143.582 Executing VM operation: ChangeBreakpoints
Event: 143.583 Executing VM operation: ChangeBreakpoints done
Event: 190.201 Executing VM operation: ChangeBreakpoints
Event: 190.201 Executing VM operation: ChangeBreakpoints done
Event: 233.540 Executing VM operation: RedefineClasses
Event: 233.541 Executing VM operation: RedefineClasses done


Dynamic libraries:
0x000000000b2bf000 	/System/Library/Frameworks/Cocoa.framework/Versions/A/Cocoa
0x000000000b2bf000 	/System/Library/Frameworks/Security.framework/Versions/A/Security
0x000000000b2bf000 	/System/Library/Frameworks/ApplicationServices.framework/Versions/A/ApplicationServices
0x000000000b2bf000 	/usr/lib/libz.1.dylib
0x000000000b2bf000 	/usr/lib/libSystem.B.dylib
0x000000000b2bf000 	/usr/lib/libobjc.A.dylib
0x000000000b2bf000 	/System/Library/Frameworks/CoreFoundation.framework/Versions/A/CoreFoundation
0x000000000b2bf000 	/System/Library/Frameworks/Foundation.framework/Versions/C/Foundation
0x000000000b2bf000 	/System/Library/Frameworks/AppKit.framework/Versions/C/AppKit
0x000000000b2bf000 	/System/Library/Frameworks/CoreData.framework/Versions/A/CoreData
0x000000000b2bf000 	/System/Library/PrivateFrameworks/RemoteViewServices.framework/Versions/A/RemoteViewServices
0x000000000b2bf000 	/System/Library/PrivateFrameworks/UIFoundation.framework/Versions/A/UIFoundation
0x000000000b2bf000 	/System/Library/Frameworks/IOSurface.framework/Versions/A/IOSurface
0x000000000b2bf000 	/System/Library/Frameworks/AudioToolbox.framework/Versions/A/AudioToolbox
0x000000000b2bf000 	/System/Library/Frameworks/AudioUnit.framework/Versions/A/AudioUnit
0x000000000b2bf000 	/System/Library/PrivateFrameworks/DataDetectorsCore.framework/Versions/A/DataDetectorsCore
0x000000000b2bf000 	/System/Library/PrivateFrameworks/DesktopServicesPriv.framework/Versions/A/DesktopServicesPriv
0x000000000b2bf000 	/System/Library/Frameworks/Carbon.framework/Versions/A/Frameworks/HIToolbox.framework/Versions/A/HIToolbox
0x000000000b2bf000 	/System/Library/Frameworks/QuartzCore.framework/Versions/A/QuartzCore
0x000000000b2bf000 	/System/Library/Frameworks/Carbon.framework/Versions/A/Frameworks/SpeechRecognition.framework/Versions/A/SpeechRecognition
0x000000000b2bf000 	/usr/lib/libauto.dylib
0x000000000b2bf000 	/usr/lib/libicucore.A.dylib
0x000000000b2bf000 	/usr/lib/libxml2.2.dylib
0x000000000b2bf000 	/System/Library/PrivateFrameworks/CoreUI.framework/Versions/A/CoreUI
0x000000000b2bf000 	/System/Library/Frameworks/CoreAudio.framework/Versions/A/CoreAudio
0x000000000b2bf000 	/System/Library/Frameworks/DiskArbitration.framework/Versions/A/DiskArbitration
0x000000000b2bf000 	/usr/lib/liblangid.dylib
0x000000000b2bf000 	/System/Library/PrivateFrameworks/MultitouchSupport.framework/Versions/A/MultitouchSupport
0x000000000b2bf000 	/System/Library/Frameworks/IOKit.framework/Versions/A/IOKit
0x000000000b2bf000 	/usr/lib/libDiagnosticMessagesClient.dylib
0x000000000b2bf000 	/System/Library/Frameworks/CoreServices.framework/Versions/A/CoreServices
0x000000000b2bf000 	/System/Library/PrivateFrameworks/PerformanceAnalysis.framework/Versions/A/PerformanceAnalysis
0x000000000b2bf000 	/System/Library/PrivateFrameworks/GenerationalStorage.framework/Versions/A/GenerationalStorage
0x000000000b2bf000 	/System/Library/Frameworks/OpenGL.framework/Versions/A/OpenGL
0x000000000b2bf000 	/System/Library/PrivateFrameworks/Sharing.framework/Versions/A/Sharing
0x000000000b2bf000 	/System/Library/Frameworks/CoreGraphics.framework/Versions/A/CoreGraphics
0x000000000b2bf000 	/System/Library/Frameworks/CoreText.framework/Versions/A/CoreText
0x000000000b2bf000 	/System/Library/Frameworks/ImageIO.framework/Versions/A/ImageIO
0x000000000b2bf000 	/usr/lib/libextension.dylib
0x000000000b2bf000 	/System/Library/PrivateFrameworks/Backup.framework/Versions/A/Backup
0x000000000b2bf000 	/usr/lib/libarchive.2.dylib
0x000000000b2bf000 	/System/Library/Frameworks/CFNetwork.framework/Versions/A/CFNetwork
0x000000000b2bf000 	/System/Library/Frameworks/SystemConfiguration.framework/Versions/A/SystemConfiguration
0x000000000b2bf000 	/usr/lib/libCRFSuite.dylib
0x000000000b2bf000 	/usr/lib/libc++.1.dylib
0x000000000b2bf000 	/usr/lib/libc++abi.dylib
0x000000000b2bf000 	/usr/lib/system/libcache.dylib
0x000000000b2bf000 	/usr/lib/system/libcommonCrypto.dylib
0x000000000b2bf000 	/usr/lib/system/libcompiler_rt.dylib
0x000000000b2bf000 	/usr/lib/system/libcopyfile.dylib
0x000000000b2bf000 	/usr/lib/system/libcorecrypto.dylib
0x000000000b2bf000 	/usr/lib/system/libdispatch.dylib
0x000000000b2bf000 	/usr/lib/system/libdyld.dylib
0x000000000b2bf000 	/usr/lib/system/libkeymgr.dylib
0x000000000b2bf000 	/usr/lib/system/liblaunch.dylib
0x000000000b2bf000 	/usr/lib/system/libmacho.dylib
0x000000000b2bf000 	/usr/lib/system/libquarantine.dylib
0x000000000b2bf000 	/usr/lib/system/libremovefile.dylib
0x000000000b2bf000 	/usr/lib/system/libsystem_asl.dylib
0x000000000b2bf000 	/usr/lib/system/libsystem_blocks.dylib
0x000000000b2bf000 	/usr/lib/system/libsystem_c.dylib
0x000000000b2bf000 	/usr/lib/system/libsystem_configuration.dylib
0x000000000b2bf000 	/usr/lib/system/libsystem_coreservices.dylib
0x000000000b2bf000 	/usr/lib/system/libsystem_coretls.dylib
0x000000000b2bf000 	/usr/lib/system/libsystem_dnssd.dylib
0x000000000b2bf000 	/usr/lib/system/libsystem_info.dylib
0x000000000b2bf000 	/usr/lib/system/libsystem_kernel.dylib
0x000000000b2bf000 	/usr/lib/system/libsystem_m.dylib
0x000000000b2bf000 	/usr/lib/system/libsystem_malloc.dylib
0x000000000b2bf000 	/usr/lib/system/libsystem_network.dylib
0x000000000b2bf000 	/usr/lib/system/libsystem_networkextension.dylib
0x000000000b2bf000 	/usr/lib/system/libsystem_notify.dylib
0x000000000b2bf000 	/usr/lib/system/libsystem_platform.dylib
0x000000000b2bf000 	/usr/lib/system/libsystem_pthread.dylib
0x000000000b2bf000 	/usr/lib/system/libsystem_sandbox.dylib
0x000000000b2bf000 	/usr/lib/system/libsystem_secinit.dylib
0x000000000b2bf000 	/usr/lib/system/libsystem_stats.dylib
0x000000000b2bf000 	/usr/lib/system/libsystem_trace.dylib
0x000000000b2bf000 	/usr/lib/system/libunc.dylib
0x000000000b2bf000 	/usr/lib/system/libunwind.dylib
0x000000000b2bf000 	/usr/lib/system/libxpc.dylib
0x000000000b2bf000 	/usr/lib/libbz2.1.0.dylib
0x000000000b2bf000 	/usr/lib/liblzma.5.dylib
0x000000000b2bf000 	/usr/lib/libbsm.0.dylib
0x000000000b2bf000 	/usr/lib/libsqlite3.dylib
0x000000000b2bf000 	/usr/lib/system/libkxld.dylib
0x000000000b2bf000 	/usr/lib/libxar.1.dylib
0x000000000b2bf000 	/usr/lib/libpam.2.dylib
0x000000000b2bf000 	/usr/lib/libOpenScriptingUtil.dylib
0x000000000b2bf000 	/System/Library/Frameworks/CoreServices.framework/Versions/A/Frameworks/FSEvents.framework/Versions/A/FSEvents
0x000000000b2bf000 	/System/Library/Frameworks/CoreServices.framework/Versions/A/Frameworks/CarbonCore.framework/Versions/A/CarbonCore
0x000000000b2bf000 	/System/Library/Frameworks/CoreServices.framework/Versions/A/Frameworks/Metadata.framework/Versions/A/Metadata
0x000000000b2bf000 	/System/Library/Frameworks/CoreServices.framework/Versions/A/Frameworks/OSServices.framework/Versions/A/OSServices
0x000000000b2bf000 	/System/Library/Frameworks/CoreServices.framework/Versions/A/Frameworks/SearchKit.framework/Versions/A/SearchKit
0x000000000b2bf000 	/System/Library/Frameworks/CoreServices.framework/Versions/A/Frameworks/AE.framework/Versions/A/AE
0x000000000b2bf000 	/System/Library/Frameworks/CoreServices.framework/Versions/A/Frameworks/LaunchServices.framework/Versions/A/LaunchServices
0x000000000b2bf000 	/System/Library/Frameworks/CoreServices.framework/Versions/A/Frameworks/DictionaryServices.framework/Versions/A/DictionaryServices
0x000000000b2bf000 	/System/Library/Frameworks/NetFS.framework/Versions/A/NetFS
0x000000000b2bf000 	/System/Library/PrivateFrameworks/NetAuth.framework/Versions/A/NetAuth
0x000000000b2bf000 	/System/Library/PrivateFrameworks/login.framework/Versions/A/Frameworks/loginsupport.framework/Versions/A/loginsupport
0x000000000b2bf000 	/System/Library/PrivateFrameworks/TCC.framework/Versions/A/TCC
0x000000000b2bf000 	/usr/lib/libmecabra.dylib
0x000000000b2bf000 	/System/Library/Frameworks/ApplicationServices.framework/Versions/A/Frameworks/ATS.framework/Versions/A/ATS
0x000000000b2bf000 	/System/Library/Frameworks/ApplicationServices.framework/Versions/A/Frameworks/ColorSync.framework/Versions/A/ColorSync
0x000000000b2bf000 	/System/Library/Frameworks/ApplicationServices.framework/Versions/A/Frameworks/HIServices.framework/Versions/A/HIServices
0x000000000b2bf000 	/System/Library/Frameworks/ApplicationServices.framework/Versions/A/Frameworks/LangAnalysis.framework/Versions/A/LangAnalysis
0x000000000b2bf000 	/System/Library/Frameworks/ApplicationServices.framework/Versions/A/Frameworks/PrintCore.framework/Versions/A/PrintCore
0x000000000b2bf000 	/System/Library/Frameworks/ApplicationServices.framework/Versions/A/Frameworks/QD.framework/Versions/A/QD
0x000000000b2bf000 	/System/Library/Frameworks/ApplicationServices.framework/Versions/A/Frameworks/SpeechSynthesis.framework/Versions/A/SpeechSynthesis
0x000000000b2bf000 	/System/Library/Frameworks/Accelerate.framework/Versions/A/Accelerate
0x000000000b2bf000 	/System/Library/Frameworks/Accelerate.framework/Versions/A/Frameworks/vImage.framework/Versions/A/vImage
0x000000000b2bf000 	/System/Library/Frameworks/Accelerate.framework/Versions/A/Frameworks/vecLib.framework/Versions/A/vecLib
0x000000000b2bf000 	/System/Library/Frameworks/Accelerate.framework/Versions/A/Frameworks/vecLib.framework/Versions/A/libvDSP.dylib
0x000000000b2bf000 	/System/Library/Frameworks/Accelerate.framework/Versions/A/Frameworks/vecLib.framework/Versions/A/libvMisc.dylib
0x000000000b2bf000 	/System/Library/Frameworks/Accelerate.framework/Versions/A/Frameworks/vecLib.framework/Versions/A/libLAPACK.dylib
0x000000000b2bf000 	/System/Library/Frameworks/Accelerate.framework/Versions/A/Frameworks/vecLib.framework/Versions/A/libBLAS.dylib
0x000000000b2bf000 	/System/Library/Frameworks/Accelerate.framework/Versions/A/Frameworks/vecLib.framework/Versions/A/libLinearAlgebra.dylib
0x000000000b2bf000 	/System/Library/Frameworks/ApplicationServices.framework/Versions/A/Frameworks/ATS.framework/Versions/A/Resources/libFontParser.dylib
0x000000000b2bf000 	/System/Library/Frameworks/ApplicationServices.framework/Versions/A/Frameworks/ATS.framework/Versions/A/Resources/libFontRegistry.dylib
0x000000000b2bf000 	/System/Library/PrivateFrameworks/AppleVPA.framework/Versions/A/AppleVPA
0x000000000b2bf000 	/System/Library/PrivateFrameworks/AppleJPEG.framework/Versions/A/AppleJPEG
0x000000000b2bf000 	/System/Library/Frameworks/ImageIO.framework/Versions/A/Resources/libJPEG.dylib
0x000000000b2bf000 	/System/Library/Frameworks/ImageIO.framework/Versions/A/Resources/libTIFF.dylib
0x000000000b2bf000 	/System/Library/Frameworks/ImageIO.framework/Versions/A/Resources/libPng.dylib
0x000000000b2bf000 	/System/Library/Frameworks/ImageIO.framework/Versions/A/Resources/libGIF.dylib
0x000000000b2bf000 	/System/Library/Frameworks/ImageIO.framework/Versions/A/Resources/libJP2.dylib
0x000000000b2bf000 	/System/Library/Frameworks/ImageIO.framework/Versions/A/Resources/libRadiance.dylib
0x000000000b2bf000 	/System/Library/Frameworks/CoreVideo.framework/Versions/A/CoreVideo
0x000000000b2bf000 	/System/Library/Frameworks/OpenGL.framework/Versions/A/Libraries/libGLU.dylib
0x000000000b2bf000 	/System/Library/Frameworks/OpenGL.framework/Versions/A/Libraries/libGFXShared.dylib
0x000000000b2bf000 	/System/Library/Frameworks/OpenGL.framework/Versions/A/Libraries/libGL.dylib
0x000000000b2bf000 	/System/Library/Frameworks/OpenGL.framework/Versions/A/Libraries/libGLImage.dylib
0x000000000b2bf000 	/System/Library/Frameworks/OpenGL.framework/Versions/A/Libraries/libCVMSPluginSupport.dylib
0x000000000b2bf000 	/System/Library/Frameworks/OpenGL.framework/Versions/A/Libraries/libCoreVMClient.dylib
0x000000000b2bf000 	/usr/lib/libcups.2.dylib
0x000000000b2bf000 	/System/Library/Frameworks/Kerberos.framework/Versions/A/Kerberos
0x000000000b2bf000 	/System/Library/Frameworks/GSS.framework/Versions/A/GSS
0x000000000b2bf000 	/usr/lib/libresolv.9.dylib
0x000000000b2bf000 	/usr/lib/libiconv.2.dylib
0x000000000b2bf000 	/System/Library/PrivateFrameworks/Heimdal.framework/Versions/A/Heimdal
0x000000000b2bf000 	/usr/lib/libheimdal-asn1.dylib
0x000000000b2bf000 	/System/Library/Frameworks/OpenDirectory.framework/Versions/A/OpenDirectory
0x000000000b2bf000 	/System/Library/PrivateFrameworks/CommonAuth.framework/Versions/A/CommonAuth
0x000000000b2bf000 	/System/Library/Frameworks/OpenDirectory.framework/Versions/A/Frameworks/CFOpenDirectory.framework/Versions/A/CFOpenDirectory
0x000000000b2bf000 	/System/Library/Frameworks/SecurityFoundation.framework/Versions/A/SecurityFoundation
0x000000000b2bf000 	/System/Library/PrivateFrameworks/LanguageModeling.framework/Versions/A/LanguageModeling
0x000000000b2bf000 	/usr/lib/libcmph.dylib
0x000000000b2bf000 	/System/Library/Frameworks/ServiceManagement.framework/Versions/A/ServiceManagement
0x000000000b2bf000 	/usr/lib/libxslt.1.dylib
0x000000000b2bf000 	/System/Library/Frameworks/Carbon.framework/Versions/A/Frameworks/Ink.framework/Versions/A/Ink
0x000000000b2bf000 	/System/Library/Frameworks/QuartzCore.framework/Versions/A/Frameworks/CoreImage.framework/Versions/A/CoreImage
0x000000000b2bf000 	/System/Library/PrivateFrameworks/CrashReporterSupport.framework/Versions/A/CrashReporterSupport
0x000000000b2bf000 	/System/Library/Frameworks/OpenCL.framework/Versions/A/OpenCL
0x000000000b2bf000 	/System/Library/PrivateFrameworks/FaceCore.framework/Versions/A/FaceCore
0x000000000b2bf000 	/System/Library/PrivateFrameworks/Ubiquity.framework/Versions/A/Ubiquity
0x000000000b2bf000 	/System/Library/PrivateFrameworks/IconServices.framework/Versions/A/IconServices
0x000000000b2bf000 	/System/Library/PrivateFrameworks/ChunkingLibrary.framework/Versions/A/ChunkingLibrary
0x000000000b2bf000 	/System/Library/PrivateFrameworks/Apple80211.framework/Versions/A/Apple80211
0x000000000b2bf000 	/System/Library/Frameworks/CoreWLAN.framework/Versions/A/CoreWLAN
0x000000000b2bf000 	/System/Library/Frameworks/IOBluetooth.framework/Versions/A/IOBluetooth
0x000000000b2bf000 	/System/Library/PrivateFrameworks/CoreWiFi.framework/Versions/A/CoreWiFi
0x000000000b2bf000 	/System/Library/Frameworks/CoreBluetooth.framework/Versions/A/CoreBluetooth
0x000000000b2bf000 	/System/Library/PrivateFrameworks/DebugSymbols.framework/Versions/A/DebugSymbols
0x000000000b2bf000 	/System/Library/PrivateFrameworks/CoreSymbolication.framework/Versions/A/CoreSymbolication
0x000000000b2bf000 	/System/Library/PrivateFrameworks/Symbolication.framework/Versions/A/Symbolication
0x000000000b2bf000 	/System/Library/PrivateFrameworks/SpeechRecognitionCore.framework/Versions/A/SpeechRecognitionCore
0x000000010fd79000 	/Library/Java/JavaVirtualMachines/jdk1.8.0_66.jdk/Contents/Home/jre/lib/server/libjvm.dylib
0x000000000b2bf000 	/usr/lib/libstdc++.6.dylib
0x0000000110e02000 	/Library/Java/JavaVirtualMachines/jdk1.8.0_66.jdk/Contents/Home/jre/lib/libverify.dylib
0x0000000110e10000 	/Library/Java/JavaVirtualMachines/jdk1.8.0_66.jdk/Contents/Home/jre/lib/libjava.dylib
0x0000000110e5d000 	/Library/Java/JavaVirtualMachines/jdk1.8.0_66.jdk/Contents/Home/jre/lib/libjdwp.dylib
0x0000000110ea8000 	/Library/Java/JavaVirtualMachines/jdk1.8.0_66.jdk/Contents/Home/jre/lib/libnpt.dylib
0x0000000110eb5000 	/Library/Java/JavaVirtualMachines/jdk1.8.0_66.jdk/Contents/Home/jre/lib/libzip.dylib
0x0000000110fea000 	/System/Library/Frameworks/JavaVM.framework/Frameworks/JavaRuntimeSupport.framework/JavaRuntimeSupport
0x000000012c21f000 	/System/Library/Frameworks/JavaVM.framework/Versions/A/Frameworks/JavaNativeFoundation.framework/Versions/A/JavaNativeFoundation
0x000000012c233000 	/System/Library/Frameworks/JavaVM.framework/Versions/A/JavaVM
0x000000000b2bf000 	/System/Library/Frameworks/Carbon.framework/Versions/A/Carbon
0x000000012c23f000 	/System/Library/PrivateFrameworks/JavaLaunching.framework/Versions/A/JavaLaunching
0x000000000b2bf000 	/System/Library/Frameworks/Carbon.framework/Versions/A/Frameworks/CommonPanels.framework/Versions/A/CommonPanels
0x000000000b2bf000 	/System/Library/Frameworks/Carbon.framework/Versions/A/Frameworks/Help.framework/Versions/A/Help
0x000000000b2bf000 	/System/Library/Frameworks/Carbon.framework/Versions/A/Frameworks/ImageCapture.framework/Versions/A/ImageCapture
0x000000000b2bf000 	/System/Library/Frameworks/Carbon.framework/Versions/A/Frameworks/OpenScripting.framework/Versions/A/OpenScripting
0x000000000b2bf000 	/System/Library/Frameworks/Carbon.framework/Versions/A/Frameworks/Print.framework/Versions/A/Print
0x000000000b2bf000 	/System/Library/Frameworks/Carbon.framework/Versions/A/Frameworks/SecurityHI.framework/Versions/A/SecurityHI
0x000000012dba6000 	/Library/Java/JavaVirtualMachines/jdk1.8.0_66.jdk/Contents/Home/jre/lib/libdt_socket.dylib

VM Arguments:
jvm_args: -agentlib:jdwp=transport=dt_socket,address=127.0.0.1:62157,suspend=y,server=n -Dfile.encoding=UTF-8 
java_command: mitocode.java8.interface_funtional.FunInterApp
java_class_path (initial): /Library/Java/JavaVirtualMachines/jdk1.8.0_66.jdk/Contents/Home/jre/lib/charsets.jar:/Library/Java/JavaVirtualMachines/jdk1.8.0_66.jdk/Contents/Home/jre/lib/deploy.jar:/Library/Java/JavaVirtualMachines/jdk1.8.0_66.jdk/Contents/Home/jre/lib/ext/cldrdata.jar:/Library/Java/JavaVirtualMachines/jdk1.8.0_66.jdk/Contents/Home/jre/lib/ext/dnsns.jar:/Library/Java/JavaVirtualMachines/jdk1.8.0_66.jdk/Contents/Home/jre/lib/ext/jaccess.jar:/Library/Java/JavaVirtualMachines/jdk1.8.0_66.jdk/Contents/Home/jre/lib/ext/jfxrt.jar:/Library/Java/JavaVirtualMachines/jdk1.8.0_66.jdk/Contents/Home/jre/lib/ext/localedata.jar:/Library/Java/JavaVirtualMachines/jdk1.8.0_66.jdk/Contents/Home/jre/lib/ext/nashorn.jar:/Library/Java/JavaVirtualMachines/jdk1.8.0_66.jdk/Contents/Home/jre/lib/ext/sunec.jar:/Library/Java/JavaVirtualMachines/jdk1.8.0_66.jdk/Contents/Home/jre/lib/ext/sunjce_provider.jar:/Library/Java/JavaVirtualMachines/jdk1.8.0_66.jdk/Contents/Home/jre/lib/ext/sunpkcs11.jar:/Library/Java/JavaVirtualMachines/jdk1.8.0_66.jdk/Contents/Home/jre/lib/ext/zipfs.jar:/Library/Java/JavaVirtualMachines/jdk1.8.0_66.jdk/Contents/Home/jre/lib/javaws.jar:/Library/Java/JavaVirtualMachines/jdk1.8.0_66.jdk/Contents/Home/jre/lib/jce.jar:/Library/Java/JavaVirtualMachines/jdk1.8.0_66.jdk/Contents/Home/jre/lib/jfr.jar:/Library/Java/JavaVirtualMachines/jdk1.8.0_66.jdk/Contents/Home/jre/lib/jfxswt.jar:/Library/Java/JavaVirtualMachines/jdk1.8.0_66.jdk/Contents/Home/jre/lib/jsse.jar:/Library/Java/JavaVirtualMachines/jdk1.8.0_66.jdk/Contents/Home/jre/lib/management-agent.jar:/Library/Java/JavaVirtualMachines/jdk1.8.0_66.jdk/Contents/Home/jre/lib/plugin.jar:/Library/Java/JavaVirtualMachines/jdk1.8.0_66.jdk/Contents/Home/jre/lib/resources.jar:/Library/Java/JavaVirtualMachines/jdk1.8.0_66.jdk/Contents/Home/jre/lib/rt.jar:/Library/Java/JavaVirtualMachines/jdk1.8.0_66.jdk/Contents/Home/lib/ant-javafx.jar:/Library/Java/JavaVirtualMachines/jdk1.8.0_66.jdk/Contents/Home/lib/dt.jar:/Library/Ja
Launcher Type: SUN_STANDARD

Environment Variables:
PATH=/Users/macbook/Library/Android/sdk/tools:/Users/macbook/Library/Android/sdk/platform-tools:/Applications/apache-maven-3.3.9/bin:/usr/local/bin:/usr/bin:/bin:/usr/sbin:/sbin
SHELL=/bin/bash

Signal Handlers:
SIGSEGV: [libjvm.dylib+0x5a65d5], sa_mask[0]=11111111011111110111111111111111, sa_flags=SA_ONSTACK|SA_RESTART|SA_SIGINFO
SIGBUS: [libjvm.dylib+0x5a65d5], sa_mask[0]=11111111011111110111111111111111, sa_flags=SA_RESTART|SA_SIGINFO
SIGFPE: [libjvm.dylib+0x4802e8], sa_mask[0]=11111111011111110111111111111111, sa_flags=SA_RESTART|SA_SIGINFO
SIGPIPE: [libjvm.dylib+0x4802e8], sa_mask[0]=11111111011111110111111111111111, sa_flags=SA_RESTART|SA_SIGINFO
SIGXFSZ: [libjvm.dylib+0x4802e8], sa_mask[0]=11111111011111110111111111111111, sa_flags=SA_RESTART|SA_SIGINFO
SIGILL: [libjvm.dylib+0x4802e8], sa_mask[0]=11111111011111110111111111111111, sa_flags=SA_RESTART|SA_SIGINFO
SIGUSR1: SIG_DFL, sa_mask[0]=00000000000000000000000000000000, sa_flags=none
SIGUSR2: [libjvm.dylib+0x47fe06], sa_mask[0]=00100000000000000000000000000000, sa_flags=SA_RESTART|SA_SIGINFO
SIGHUP: [libjvm.dylib+0x47e3dd], sa_mask[0]=11111111011111110111111111111111, sa_flags=SA_RESTART|SA_SIGINFO
SIGINT: [libjvm.dylib+0x47e3dd], sa_mask[0]=11111111011111110111111111111111, sa_flags=SA_RESTART|SA_SIGINFO
SIGTERM: [libjvm.dylib+0x47e3dd], sa_mask[0]=11111111011111110111111111111111, sa_flags=SA_RESTART|SA_SIGINFO
SIGQUIT: [libjvm.dylib+0x47e3dd], sa_mask[0]=11111111011111110111111111111111, sa_flags=SA_RESTART|SA_SIGINFO


---------------  S Y S T E M  ---------------

OS:Bsduname:Darwin 14.5.0 Darwin Kernel Version 14.5.0: Fri Feb 17 10:33:20 PST 2017; root:xnu-2782.50.9.1.1~1/RELEASE_X86_64 x86_64
rlimit: STACK 8192k, CORE 0k, NPROC 709, NOFILE 10240, AS infinity
load average:2.23 2.07 3.70

CPU:total 4 (2 cores per cpu, 2 threads per core) family 6 model 58 stepping 9, cmov, cx8, fxsr, mmx, sse, sse2, sse3, ssse3, sse4.1, sse4.2, popcnt, avx, aes, clmul, erms, ht, tsc, tscinvbit, tscinv

Memory: 4k page, physical 16777216k(387552k free)

/proc/meminfo:


vm_info: Java HotSpot(TM) 64-Bit Server VM (25.66-b17) for bsd-amd64 JRE (1.8.0_66-b17), built on Oct  6 2015 16:09:13 by "java_re" with gcc 4.2.1 (Based on Apple Inc. build 5658) (LLVM build 2336.11.00)

time: Tue Jan 30 20:58:31 2018
elapsed time: 233 seconds (0d 0h 3m 53s)

